<?xml version="1.0" encoding="UTF-8"?>
<robot generator="Robot 3.2.1 (Python 3.8.12 on linux)" generated="20211204 08:52:42.318" rpa="false">
<suite id="s1" name="Testcase" source="/workspace/testcase.robot">
<test id="s1-t1" name="Open Browser">
<kw name="Evaluate" library="BuiltIn">
<doc>Evaluates the given expression in Python and returns the result.</doc>
<arguments>
<arg>sys.modules['selenium.webdriver'].ChromeOptions()</arg>
<arg>sys</arg>
</arguments>
<assign>
<var>${chrome_options}</var>
</assign>
<msg timestamp="20211204 08:52:42.636" level="INFO">${chrome_options} = &lt;selenium.webdriver.chrome.options.Options object at 0x7fb6207786d0&gt;</msg>
<status status="PASS" starttime="20211204 08:52:42.635" endtime="20211204 08:52:42.636"></status>
</kw>
<kw name="Call Method" library="BuiltIn">
<doc>Calls the named method of the given object with the provided arguments.</doc>
<arguments>
<arg>${chrome_options}</arg>
<arg>add_argument</arg>
<arg>--disable-dev-shm-usage</arg>
</arguments>
<status status="PASS" starttime="20211204 08:52:42.637" endtime="20211204 08:52:42.639"></status>
</kw>
<kw name="Call Method" library="BuiltIn">
<doc>Calls the named method of the given object with the provided arguments.</doc>
<arguments>
<arg>${chrome_options}</arg>
<arg>add_argument</arg>
<arg>--no-sandbox</arg>
</arguments>
<status status="PASS" starttime="20211204 08:52:42.639" endtime="20211204 08:52:42.640"></status>
</kw>
<kw name="Call Method" library="BuiltIn">
<doc>Calls the named method of the given object with the provided arguments.</doc>
<arguments>
<arg>${chrome_options}</arg>
<arg>add_argument</arg>
<arg>--headless</arg>
</arguments>
<status status="PASS" starttime="20211204 08:52:42.640" endtime="20211204 08:52:42.641"></status>
</kw>
<kw name="Create Webdriver" library="SeleniumLibrary">
<doc>Creates an instance of Selenium WebDriver.</doc>
<arguments>
<arg>driver_name=Chrome</arg>
<arg>alias=google</arg>
<arg>chrome_options=${chrome_options}</arg>
<arg>executable_path=/usr/local/bin/chromedriver</arg>
</arguments>
<msg timestamp="20211204 08:52:42.642" level="INFO">Creating an instance of the Chrome WebDriver.</msg>
<status status="PASS" starttime="20211204 08:52:42.641" endtime="20211204 08:52:42.873"></status>
</kw>
<kw name="Set Window Size" library="SeleniumLibrary">
<doc>Sets current windows size to given ``width`` and ``height``.</doc>
<arguments>
<arg>1200</arg>
<arg>1000</arg>
</arguments>
<status status="PASS" starttime="20211204 08:52:42.874" endtime="20211204 08:52:42.989"></status>
</kw>
<kw name="Go To" library="SeleniumLibrary">
<doc>Navigates the current browser window to the provided ``url``.</doc>
<arguments>
<arg>${URL}</arg>
</arguments>
<msg timestamp="20211204 08:52:42.990" level="INFO">Opening url 'https://www.amazon.in/'</msg>
<status status="PASS" starttime="20211204 08:52:42.989" endtime="20211204 08:52:45.366"></status>
</kw>
<kw name="Get Title" library="SeleniumLibrary">
<doc>Returns the title of the current page.</doc>
<assign>
<var>${title}</var>
</assign>
<msg timestamp="20211204 08:52:45.479" level="INFO">${title} = Online Shopping site in India: Shop Online for Mobiles, Books, Watches, Shoes and More - Amazon.in</msg>
<status status="PASS" starttime="20211204 08:52:45.366" endtime="20211204 08:52:45.479"></status>
</kw>
<kw name="Log To Console" library="BuiltIn">
<doc>Logs the given message to the console.</doc>
<arguments>
<arg>${title}</arg>
</arguments>
<status status="PASS" starttime="20211204 08:52:45.480" endtime="20211204 08:52:45.480"></status>
</kw>
<kw name="Capture Page Screenshot" library="SeleniumLibrary">
<doc>Takes a screenshot of the current page and embeds it into a log file.</doc>
<msg timestamp="20211204 08:52:46.162" level="INFO" html="yes">&lt;/td&gt;&lt;/tr&gt;&lt;tr&gt;&lt;td colspan="3"&gt;&lt;a href="selenium-screenshot-1.png"&gt;&lt;img src="selenium-screenshot-1.png" width="800px"&gt;&lt;/a&gt;</msg>
<status status="PASS" starttime="20211204 08:52:45.481" endtime="20211204 08:52:46.163"></status>
</kw>
<kw name="Close Browser" library="SeleniumLibrary" type="teardown">
<doc>Closes the current browser.</doc>
<status status="PASS" starttime="20211204 08:52:46.164" endtime="20211204 08:52:46.236"></status>
</kw>
<status status="PASS" starttime="20211204 08:52:42.631" endtime="20211204 08:52:46.236" critical="yes"></status>
</test>
<status status="PASS" starttime="20211204 08:52:42.324" endtime="20211204 08:52:46.238"></status>
</suite>
<statistics>
<total>
<stat pass="1" fail="0">Critical Tests</stat>
<stat pass="1" fail="0">All Tests</stat>
</total>
<tag>
</tag>
<suite>
<stat pass="1" fail="0" id="s1" name="Testcase">Testcase</stat>
</suite>
</statistics>
<errors>
</errors>
</robot>
